<?xml version="1.0" encoding="UTF-8"?><testsuite errors="1" failures="0" name="phptravels.net" skipped="0" tests="1" time="2.32" timestamp="2021-01-03 07:09:18"><testcase name="add categories in the option blogs"><error message="session not created: This version of ChromeDriver only supports Chrome version 77&#10;Build info: version: '3.141.59', revision: 'e82be7d358', time: '2018-11-14T08:17:03'&#10;System info: host: 'DESKTOP-ARB33T4', ip: '192.168.0.110', os.name: 'Windows 10', os.arch: 'amd64', os.version: '10.0', java.version: '1.8.0_261'&#10;Driver info: driver.version: WebDriver&#10;remote stacktrace: Backtrace:&#10;&#9;Ordinal0 [0x005CEB13+1501971]&#10;&#9;Ordinal0 [0x0054F6D1+980689]&#10;&#9;Ordinal0 [0x004D765F+489055]&#10;&#9;Ordinal0 [0x0046F2F4+62196]&#10;&#9;Ordinal0 [0x0046BCDA+48346]&#10;&#9;Ordinal0 [0x00489800+169984]&#10;&#9;Ordinal0 [0x0048942D+169005]&#10;&#9;Ordinal0 [0x004878EB+162027]&#10;&#9;Ordinal0 [0x00470AC7+68295]&#10;&#9;Ordinal0 [0x00471B40+72512]&#10;&#9;Ordinal0 [0x00471AD9+72409]&#10;&#9;Ordinal0 [0x00568F37+1085239]&#10;&#9;GetHandleVerifier [0x0066D7ED+503293]&#10;&#9;GetHandleVerifier [0x0066D580+502672]&#10;&#9;GetHandleVerifier [0x006746AC+531644]&#10;&#9;GetHandleVerifier [0x0066DFFA+505354]&#10;&#9;Ordinal0 [0x00560606+1050118]&#10;&#9;Ordinal0 [0x0056047F+1049727]&#10;&#9;Ordinal0 [0x0056AF9B+1093531]&#10;&#9;Ordinal0 [0x0056B103+1093891]&#10;&#9;Ordinal0 [0x0056A095+1089685]&#10;&#9;BaseThreadInitThunk [0x7764FA29+25]&#10;&#9;RtlGetAppContainerNamedObjectPath [0x779075F4+228]&#10;&#9;RtlGetAppContainerNamedObjectPath [0x779075C4+180]&#10;&#10;Build info: version: '3.141.59', revision: 'e82be7d358', time: '2018-11-14T08:17:03'&#10;System info: host: 'DESKTOP-ARB33T4', ip: '192.168.0.110', os.name: 'Windows 10', os.arch: 'amd64', os.version: '10.0', java.version: '1.8.0_261'&#10;Driver info: driver.version: WebDriver" type="org.openqa.selenium.SessionNotCreatedException">session not created: This version of ChromeDriver only supports Chrome version 77
Build info: version: '3.141.59', revision: 'e82be7d358', time: '2018-11-14T08:17:03'
System info: host: 'DESKTOP-ARB33T4', ip: '192.168.0.110', os.name: 'Windows 10', os.arch: 'amd64', os.version: '10.0', java.version: '1.8.0_261'
Driver info: driver.version: WebDriver
remote stacktrace: Backtrace:
	Ordinal0 [0x005CEB13+1501971]
	Ordinal0 [0x0054F6D1+980689]
	Ordinal0 [0x004D765F+489055]
	Ordinal0 [0x0046F2F4+62196]
	Ordinal0 [0x0046BCDA+48346]
	Ordinal0 [0x00489800+169984]
	Ordinal0 [0x0048942D+169005]
	Ordinal0 [0x004878EB+162027]
	Ordinal0 [0x00470AC7+68295]
	Ordinal0 [0x00471B40+72512]
	Ordinal0 [0x00471AD9+72409]
	Ordinal0 [0x00568F37+1085239]
	GetHandleVerifier [0x0066D7ED+503293]
	GetHandleVerifier [0x0066D580+502672]
	GetHandleVerifier [0x006746AC+531644]
	GetHandleVerifier [0x0066DFFA+505354]
	Ordinal0 [0x00560606+1050118]
	Ordinal0 [0x0056047F+1049727]
	Ordinal0 [0x0056AF9B+1093531]
	Ordinal0 [0x0056B103+1093891]
	Ordinal0 [0x0056A095+1089685]
	BaseThreadInitThunk [0x7764FA29+25]
	RtlGetAppContainerNamedObjectPath [0x779075F4+228]
	RtlGetAppContainerNamedObjectPath [0x779075C4+180]

Build info: version: '3.141.59', revision: 'e82be7d358', time: '2018-11-14T08:17:03'
System info: host: 'DESKTOP-ARB33T4', ip: '192.168.0.110', os.name: 'Windows 10', os.arch: 'amd64', os.version: '10.0', java.version: '1.8.0_261'
Driver info: driver.version: WebDriver</error><system-err>session not created: This version of ChromeDriver only supports Chrome version 77
Build info: version: '3.141.59', revision: 'e82be7d358', time: '2018-11-14T08:17:03'
System info: host: 'DESKTOP-ARB33T4', ip: '192.168.0.110', os.name: 'Windows 10', os.arch: 'amd64', os.version: '10.0', java.version: '1.8.0_261'
Driver info: driver.version: WebDriver
remote stacktrace: Backtrace:
	Ordinal0 [0x005CEB13+1501971]
	Ordinal0 [0x0054F6D1+980689]
	Ordinal0 [0x004D765F+489055]
	Ordinal0 [0x0046F2F4+62196]
	Ordinal0 [0x0046BCDA+48346]
	Ordinal0 [0x00489800+169984]
	Ordinal0 [0x0048942D+169005]
	Ordinal0 [0x004878EB+162027]
	Ordinal0 [0x00470AC7+68295]
	Ordinal0 [0x00471B40+72512]
	Ordinal0 [0x00471AD9+72409]
	Ordinal0 [0x00568F37+1085239]
	GetHandleVerifier [0x0066D7ED+503293]
	GetHandleVerifier [0x0066D580+502672]
	GetHandleVerifier [0x006746AC+531644]
	GetHandleVerifier [0x0066DFFA+505354]
	Ordinal0 [0x00560606+1050118]
	Ordinal0 [0x0056047F+1049727]
	Ordinal0 [0x0056AF9B+1093531]
	Ordinal0 [0x0056B103+1093891]
	Ordinal0 [0x0056A095+1089685]
	BaseThreadInitThunk [0x7764FA29+25]
	RtlGetAppContainerNamedObjectPath [0x779075F4+228]
	RtlGetAppContainerNamedObjectPath [0x779075C4+180]

Build info: version: '3.141.59', revision: 'e82be7d358', time: '2018-11-14T08:17:03'
System info: host: 'DESKTOP-ARB33T4', ip: '192.168.0.110', os.name: 'Windows 10', os.arch: 'amd64', os.version: '10.0', java.version: '1.8.0_261'
Driver info: driver.version: WebDriver&#13;
co.com.prueba.choucair.utils.WebDriver.chrome(WebDriver.java:13)&#13;
co.com.prueba.choucair.stepdefinitions.PruebaChoucairStepDefinitions.thatUserWantsLoginInThePagePhptravels(PruebaChoucairStepDefinitions.java:33)&#13;
✽.that user wants login in the page phptravels(src/test/resources/features/phptravels.feature:13)&#13;
</system-err></testcase></testsuite>