<?xml version="1.0" encoding="UTF-8"?><testsuite errors="0" failures="1" name="phptravels.net" skipped="0" tests="1" time="61.07" timestamp="2021-01-12 09:20:58"><testcase name="login in the page phptravels login"><failure message="Expected enabled element was not enabled" type="net.thucydides.core.webdriver.exceptions.ElementShouldBeEnabledException">Expected enabled element was not enabled</failure><system-err>Expected enabled element was not enabled&#13;
co.com.prueba.choucair.tasks.LoginPhpTravels.performAs(LoginPhpTravels.java:32)&#13;
co.com.prueba.choucair.stepdefinitions.PruebaChoucairStepDefinitions.heAddCategoriesInPhptravelsPageAndPost(PruebaChoucairStepDefinitions.java:45)&#13;
cucumber.runner.Runner.runPickle(Runner.java:80)&#13;
org.eclipse.jdt.internal.junit4.runner.JUnit4TestReference.run(JUnit4TestReference.java:89)&#13;
org.eclipse.jdt.internal.junit.runner.TestExecution.run(TestExecution.java:41)&#13;
org.eclipse.jdt.internal.junit.runner.RemoteTestRunner.runTests(RemoteTestRunner.java:542)&#13;
org.eclipse.jdt.internal.junit.runner.RemoteTestRunner.runTests(RemoteTestRunner.java:770)&#13;
org.eclipse.jdt.internal.junit.runner.RemoteTestRunner.run(RemoteTestRunner.java:464)&#13;
org.eclipse.jdt.internal.junit.runner.RemoteTestRunner.main(RemoteTestRunner.java:210)&#13;
</system-err></testcase></testsuite>